{"C:\\Users\\kritamate.kam\\Desktop\\unit_test\\unitTestShabu\\shabuBuffer.ts": {"path":"C:\\Users\\kritamate.kam\\Desktop\\unit_test\\unitTestShabu\\shabuBuffer.ts","statementMap":{"0":{"start":{"line":3,"column":28},"end":{"line":3,"column":29}},"1":{"start":{"line":4,"column":22},"end":{"line":4,"column":30}},"2":{"start":{"line":5,"column":21},"end":{"line":5,"column":24}},"3":{"start":{"line":6,"column":12},"end":{"line":6,"column":40}},"4":{"start":{"line":7,"column":14},"end":{"line":7,"column":15}},"5":{"start":{"line":8,"column":2},"end":{"line":14,"column":null}},"6":{"start":{"line":9,"column":4},"end":{"line":9,"column":18}},"7":{"start":{"line":10,"column":4},"end":{"line":10,"column":27}},"8":{"start":{"line":11,"column":4},"end":{"line":11,"column":54}},"9":{"start":{"line":13,"column":4},"end":{"line":13,"column":39}},"10":{"start":{"line":17,"column":2},"end":{"line":17,"column":72}},"11":{"start":{"line":18,"column":2},"end":{"line":18,"column":22}},"12":{"start":{"line":19,"column":2},"end":{"line":19,"column":16}},"13":{"start":{"line":1,"column":0},"end":{"line":1,"column":16}}},"fnMap":{"0":{"name":"bufferDiscount","decl":{"start":{"line":1,"column":16},"end":{"line":1,"column":30}},"loc":{"start":{"line":1,"column":64},"end":{"line":20,"column":1}}}},"branchMap":{"0":{"loc":{"start":{"line":8,"column":2},"end":{"line":14,"column":null}},"type":"if","locations":[{"start":{"line":8,"column":2},"end":{"line":14,"column":null}},{"start":{"line":12,"column":7},"end":{"line":14,"column":null}}]}},"s":{"0":8,"1":8,"2":8,"3":8,"4":8,"5":8,"6":2,"7":2,"8":2,"9":6,"10":8,"11":8,"12":8,"13":1},"f":{"0":8},"b":{"0":[2,6]}}
}
