{"C:\\Users\\kritamate.kam\\Desktop\\unit_test\\shabuBuffer\\shabuBuffer.ts": {"path":"C:\\Users\\kritamate.kam\\Desktop\\unit_test\\shabuBuffer\\shabuBuffer.ts","statementMap":{"0":{"start":{"line":1,"column":0},"end":{"line":1,"column":26}},"1":{"start":{"line":4,"column":23},"end":{"line":4,"column":57}},"2":{"start":{"line":6,"column":22},"end":{"line":6,"column":58}},"3":{"start":{"line":7,"column":22},"end":{"line":7,"column":50}},"4":{"start":{"line":9,"column":21},"end":{"line":9,"column":24}},"5":{"start":{"line":10,"column":12},"end":{"line":10,"column":40}},"6":{"start":{"line":12,"column":2},"end":{"line":17,"column":null}},"7":{"start":{"line":13,"column":4},"end":{"line":13,"column":27}},"8":{"start":{"line":14,"column":4},"end":{"line":14,"column":60}},"9":{"start":{"line":16,"column":4},"end":{"line":16,"column":43}},"10":{"start":{"line":19,"column":2},"end":{"line":19,"column":null}},"11":{"start":{"line":20,"column":2},"end":{"line":20,"column":22}},"12":{"start":{"line":21,"column":2},"end":{"line":21,"column":16}},"13":{"start":{"line":3,"column":0},"end":{"line":3,"column":22}}},"fnMap":{"0":{"name":"bufferDiscount","decl":{"start":{"line":3,"column":22},"end":{"line":3,"column":36}},"loc":{"start":{"line":3,"column":48},"end":{"line":22,"column":null}}}},"branchMap":{"0":{"loc":{"start":{"line":12,"column":2},"end":{"line":17,"column":null}},"type":"if","locations":[{"start":{"line":12,"column":2},"end":{"line":17,"column":null}},{"start":{"line":15,"column":9},"end":{"line":17,"column":null}}]}},"s":{"0":1,"1":8,"2":8,"3":8,"4":8,"5":8,"6":8,"7":2,"8":2,"9":6,"10":8,"11":8,"12":8,"13":1},"f":{"0":8},"b":{"0":[2,6]}}
}
